0 info it worked if it ends with ok
1 verbose cli [ 'C:\\Program Files\\nodejs\\node.exe',
1 verbose cli   'C:\\Users\\zhele\\AppData\\Roaming\\npm\\node_modules\\npm\\bin\\npm-cli.js',
1 verbose cli   'run',
1 verbose cli   'nodemon' ]
2 info using npm@4.0.2
3 info using node@v7.1.0
4 verbose stack Error: Failed to parse json
4 verbose stack Trailing comma in object at 10:3
4 verbose stack   },
4 verbose stack   ^
4 verbose stack     at parseError (C:\Users\zhele\AppData\Roaming\npm\node_modules\npm\node_modules\read-package-json\read-json.js:390:11)
4 verbose stack     at parseJson (C:\Users\zhele\AppData\Roaming\npm\node_modules\npm\node_modules\read-package-json\read-json.js:79:23)
4 verbose stack     at C:\Users\zhele\AppData\Roaming\npm\node_modules\npm\node_modules\read-package-json\read-json.js:48:5
4 verbose stack     at C:\Users\zhele\AppData\Roaming\npm\node_modules\npm\node_modules\graceful-fs\graceful-fs.js:78:16
4 verbose stack     at tryToString (fs.js:425:3)
4 verbose stack     at FSReqWrap.readFileAfterClose [as oncomplete] (fs.js:412:12)
5 verbose cwd D:\GitHub\habr-app
6 error Windows_NT 10.0.14393
7 error argv "C:\\Program Files\\nodejs\\node.exe" "C:\\Users\\zhele\\AppData\\Roaming\\npm\\node_modules\\npm\\bin\\npm-cli.js" "run" "nodemon"
8 error node v7.1.0
9 error npm  v4.0.2
10 error file D:\GitHub\habr-app\package.json
11 error code EJSONPARSE
12 error Failed to parse json
12 error Trailing comma in object at 10:3
12 error   },
12 error   ^
13 error File: D:\GitHub\habr-app\package.json
14 error Failed to parse package.json data.
14 error package.json must be actual JSON, not just JavaScript.
14 error
14 error This is not a bug in npm.
14 error Tell the package author to fix their package.json file. JSON.parse
15 verbose exit [ 1, true ]
